2020-06-18T20:42:29Z: connor4312 > microsoft/vscode
2020-06-18T20:40:35Z: michelleangela > microsoft/vscode-cpptools
2020-06-18T20:40:01Z: rengolin > microsoft/verona
2020-06-18T20:39:59Z: arroyc > microsoft/Oryx
2020-06-18T20:39:53Z: youngpark > microsoft/computervision-recipes
2020-06-18T20:43:11Z: rmshaffer > microsoft/iqsharp
2020-06-18T20:43:08Z: tianxiangs > microsoft/OCR-Form-Tools
2020-06-18T20:44:56Z: rengolin > microsoft/verona
2020-06-18T20:45:24Z: kythant > microsoft/xlang
2020-06-18T20:46:10Z: rengolin > microsoft/verona
2020-06-18T20:48:14Z: nibanks > microsoft/msquic
2020-06-18T20:48:38Z: rmshaffer > microsoft/iqsharp
2020-06-18T20:49:20Z: rengolin > microsoft/verona
2020-06-18T20:49:38Z: jwoo-msft > microsoft/AdaptiveCards
2020-06-18T20:50:19Z: DmitryVasilevsky > microsoft/qsharp-compiler
2020-06-18T20:50:41Z: keithrfung > microsoft/electionguard-python
2020-06-18T20:50:41Z: SamanthaAO > microsoft/fast-dna
2020-06-18T20:58:07Z: danwallach > microsoft/electionguard-python
2020-06-18T20:58:08Z: rengolin > microsoft/verona
2020-06-18T20:57:10Z: danwallach > microsoft/electionguard-python
2020-06-18T20:57:08Z: kythant > microsoft/xlang
2020-06-18T20:56:52Z: rengolin > microsoft/verona
2020-06-18T20:56:44Z: SamanthaAO > microsoft/fast-dna
2020-06-18T20:56:08Z: SethDonohue > microsoft/fast-dna
2020-06-18T20:55:37Z: peterpogorski > microsoft/service-fabric
2020-06-18T20:55:29Z: tianxiangs > microsoft/OCR-Form-Tools
2020-06-18T20:55:00Z: rengolin > microsoft/verona
2020-06-18T20:58:32Z: xugao > microsoft/fluentui
2020-06-18T20:58:45Z: sandersn > microsoft/TypeScript
2020-06-18T20:58:42Z: rengolin > microsoft/verona
2020-06-18T20:59:01Z: tkamireh > microsoft/fluentui-react-native
2020-06-18T20:59:36Z: mjbvz > microsoft/vscode
2020-06-18T20:59:49Z: almedina-ms > microsoft/AdaptiveCards
2020-06-18T21:00:59Z: joaomoreno > microsoft/vscode
2020-06-18T21:00:45Z: isaiahwilliams > microsoft/secmgmt-insights-connector
2020-06-18T21:00:55Z: tkamireh > microsoft/fluentui-react-native
2020-06-18T21:03:07Z: pelikhan > microsoft/pxt
2020-06-18T21:04:00Z: rengolin > microsoft/verona
2020-06-18T21:03:52Z: akatesmith > microsoft/sqldev
2020-06-18T21:04:23Z: rengolin > microsoft/verona
2020-06-18T21:04:56Z: jazaval > microsoft/macos-cookbook
2020-06-18T21:05:49Z: denisem-msft > microsoft/powerapps-tools
2020-06-18T21:07:23Z: DmitryVasilevsky > microsoft/qsharp-compiler
2020-06-18T21:07:52Z: dependabot-preview[bot] > microsoft/accessibility-insights-web
2020-06-18T21:09:01Z: UI-Fabric-RN-Bot > microsoft/fluentui-react-native
2020-06-18T21:09:00Z: msftbot[bot] > microsoft/react-native-windows
2020-06-18T21:09:13Z: chrisdholt > microsoft/fast-dna
2020-06-18T21:09:18Z: kisantia > microsoft/azuredatastudio
2020-06-18T21:09:32Z: harleenkohli > microsoft/sarif-sdk
2020-06-18T21:09:45Z: cgranade > microsoft/QuantumLibraries
2020-06-18T21:09:59Z: interesaaat > microsoft/hummingbird
2020-06-18T21:10:11Z: cgranade > microsoft/QuantumLibraries
